<?xml version="1.0" encoding="UTF-8"?>
<testng-results ignored="0" total="4" passed="4" failed="0" skipped="0">
  <reporter-output>
  </reporter-output>
  <suite started-at="2022-02-27T18:50:33 IST" name="Suite" finished-at="2022-02-27T18:52:06 IST" duration-ms="93240">
    <groups>
    </groups>
    <test started-at="2022-02-27T18:50:33 IST" name="chromeTest" finished-at="2022-02-27T18:51:18 IST" duration-ms="45328">
      <class name="Test.LoginTest">
        <test-method is-config="true" signature="initializeDriver(java.lang.String)[pri:0, instance:Test.LoginTest@4f209819]" started-at="2022-02-27T18:50:33 IST" name="initializeDriver" finished-at="2022-02-27T18:50:38 IST" duration-ms="5138" status="PASS">
          <params>
            <param index="0">
              <value>
                <![CDATA[chrome]]>
              </value>
            </param>
          </params>
          <reporter-output>
          </reporter-output>
        </test-method> <!-- initializeDriver -->
        <test-method is-config="true" signature="loginToApplication()[pri:0, instance:Test.LoginTest@4f209819]" started-at="2022-02-27T18:50:38 IST" name="loginToApplication" finished-at="2022-02-27T18:50:47 IST" duration-ms="8674" status="PASS">
          <reporter-output>
          </reporter-output>
        </test-method> <!-- loginToApplication -->
        <test-method signature="verifyAddCandidate()[pri:0, instance:Test.LoginTest@4f209819]" started-at="2022-02-27T18:50:47 IST" name="verifyAddCandidate" finished-at="2022-02-27T18:51:11 IST" duration-ms="23796" status="PASS">
          <reporter-output>
          </reporter-output>
        </test-method> <!-- verifyAddCandidate -->
        <test-method is-config="true" signature="testLogout()[pri:0, instance:Test.LoginTest@4f209819]" started-at="2022-02-27T18:51:11 IST" name="testLogout" finished-at="2022-02-27T18:51:13 IST" duration-ms="2803" status="PASS">
          <reporter-output>
          </reporter-output>
        </test-method> <!-- testLogout -->
        <test-method is-config="true" signature="loginToApplication()[pri:0, instance:Test.LoginTest@4f209819]" started-at="2022-02-27T18:51:13 IST" name="loginToApplication" finished-at="2022-02-27T18:51:16 IST" duration-ms="2398" status="PASS">
          <reporter-output>
          </reporter-output>
        </test-method> <!-- loginToApplication -->
        <test-method signature="verifyLoginSuccessful()[pri:0, instance:Test.LoginTest@4f209819]" started-at="2022-02-27T18:51:16 IST" name="verifyLoginSuccessful" finished-at="2022-02-27T18:51:16 IST" duration-ms="56" status="PASS">
          <reporter-output>
          </reporter-output>
        </test-method> <!-- verifyLoginSuccessful -->
        <test-method is-config="true" signature="testLogout()[pri:0, instance:Test.LoginTest@4f209819]" started-at="2022-02-27T18:51:16 IST" name="testLogout" finished-at="2022-02-27T18:51:18 IST" duration-ms="1945" status="PASS">
          <reporter-output>
          </reporter-output>
        </test-method> <!-- testLogout -->
        <test-method is-config="true" signature="quitDriver()[pri:0, instance:Test.LoginTest@4f209819]" started-at="2022-02-27T18:51:18 IST" name="quitDriver" finished-at="2022-02-27T18:51:18 IST" duration-ms="435" status="PASS">
          <reporter-output>
          </reporter-output>
        </test-method> <!-- quitDriver -->
      </class> <!-- Test.LoginTest -->
    </test> <!-- chromeTest -->
    <test started-at="2022-02-27T18:51:18 IST" name="edgeTest" finished-at="2022-02-27T18:52:06 IST" duration-ms="47733">
      <class name="Test.LoginTest">
        <test-method is-config="true" signature="initializeDriver(java.lang.String)[pri:0, instance:Test.LoginTest@6aba2b86]" started-at="2022-02-27T18:51:18 IST" name="initializeDriver" finished-at="2022-02-27T18:51:22 IST" duration-ms="3885" status="PASS">
          <params>
            <param index="0">
              <value>
                <![CDATA[edge]]>
              </value>
            </param>
          </params>
          <reporter-output>
          </reporter-output>
        </test-method> <!-- initializeDriver -->
        <test-method is-config="true" signature="loginToApplication()[pri:0, instance:Test.LoginTest@6aba2b86]" started-at="2022-02-27T18:51:22 IST" name="loginToApplication" finished-at="2022-02-27T18:51:36 IST" duration-ms="13523" status="PASS">
          <reporter-output>
          </reporter-output>
        </test-method> <!-- loginToApplication -->
        <test-method signature="verifyAddCandidate()[pri:0, instance:Test.LoginTest@6aba2b86]" started-at="2022-02-27T18:51:36 IST" name="verifyAddCandidate" finished-at="2022-02-27T18:51:58 IST" duration-ms="21892" status="PASS">
          <reporter-output>
          </reporter-output>
        </test-method> <!-- verifyAddCandidate -->
        <test-method is-config="true" signature="testLogout()[pri:0, instance:Test.LoginTest@6aba2b86]" started-at="2022-02-27T18:51:58 IST" name="testLogout" finished-at="2022-02-27T18:52:01 IST" duration-ms="2924" status="PASS">
          <reporter-output>
          </reporter-output>
        </test-method> <!-- testLogout -->
        <test-method is-config="true" signature="loginToApplication()[pri:0, instance:Test.LoginTest@6aba2b86]" started-at="2022-02-27T18:52:01 IST" name="loginToApplication" finished-at="2022-02-27T18:52:03 IST" duration-ms="2723" status="PASS">
          <reporter-output>
          </reporter-output>
        </test-method> <!-- loginToApplication -->
        <test-method signature="verifyLoginSuccessful()[pri:0, instance:Test.LoginTest@6aba2b86]" started-at="2022-02-27T18:52:03 IST" name="verifyLoginSuccessful" finished-at="2022-02-27T18:52:03 IST" duration-ms="5" status="PASS">
          <reporter-output>
          </reporter-output>
        </test-method> <!-- verifyLoginSuccessful -->
        <test-method is-config="true" signature="testLogout()[pri:0, instance:Test.LoginTest@6aba2b86]" started-at="2022-02-27T18:52:03 IST" name="testLogout" finished-at="2022-02-27T18:52:05 IST" duration-ms="1920" status="PASS">
          <reporter-output>
          </reporter-output>
        </test-method> <!-- testLogout -->
        <test-method is-config="true" signature="quitDriver()[pri:0, instance:Test.LoginTest@6aba2b86]" started-at="2022-02-27T18:52:05 IST" name="quitDriver" finished-at="2022-02-27T18:52:06 IST" duration-ms="857" status="PASS">
          <reporter-output>
          </reporter-output>
        </test-method> <!-- quitDriver -->
      </class> <!-- Test.LoginTest -->
    </test> <!-- edgeTest -->
  </suite> <!-- Suite -->
</testng-results>
