<?xml version="1.0" encoding="UTF-8"?>
<testng-results ignored="0" total="2" passed="2" failed="0" skipped="0">
  <reporter-output>
  </reporter-output>
  <suite started-at="2022-02-14T13:34:00 IST" name="Default suite" finished-at="2022-02-14T13:34:00 IST" duration-ms="43">
    <groups>
    </groups>
    <test started-at="2022-02-14T13:34:00 IST" name="Default test" finished-at="2022-02-14T13:34:00 IST" duration-ms="43">
      <class name="TestNGDemo.ExecutionOfTestng">
        <test-method is-config="true" signature="beforeTest()[pri:0, instance:TestNGDemo.ExecutionOfTestng@48aaecc3]" started-at="2022-02-14T13:34:00 IST" name="beforeTest" finished-at="2022-02-14T13:34:00 IST" duration-ms="5" status="PASS">
          <reporter-output>
          </reporter-output>
        </test-method> <!-- beforeTest -->
        <test-method is-config="true" signature="beforeClass()[pri:0, instance:TestNGDemo.ExecutionOfTestng@48aaecc3]" started-at="2022-02-14T13:34:00 IST" name="beforeClass" finished-at="2022-02-14T13:34:00 IST" duration-ms="0" status="PASS">
          <reporter-output>
          </reporter-output>
        </test-method> <!-- beforeClass -->
        <test-method is-config="true" signature="methodClass()[pri:0, instance:TestNGDemo.ExecutionOfTestng@48aaecc3]" started-at="2022-02-14T13:34:00 IST" name="methodClass" finished-at="2022-02-14T13:34:00 IST" duration-ms="1" status="PASS">
          <reporter-output>
          </reporter-output>
        </test-method> <!-- methodClass -->
        <test-method signature="test()[pri:0, instance:TestNGDemo.ExecutionOfTestng@48aaecc3]" started-at="2022-02-14T13:34:00 IST" name="test" finished-at="2022-02-14T13:34:00 IST" duration-ms="4" status="PASS">
          <reporter-output>
          </reporter-output>
        </test-method> <!-- test -->
        <test-method is-config="true" signature="afterMethod()[pri:0, instance:TestNGDemo.ExecutionOfTestng@48aaecc3]" started-at="2022-02-14T13:34:00 IST" name="afterMethod" finished-at="2022-02-14T13:34:00 IST" duration-ms="1" status="PASS">
          <reporter-output>
          </reporter-output>
        </test-method> <!-- afterMethod -->
        <test-method is-config="true" signature="methodClass()[pri:0, instance:TestNGDemo.ExecutionOfTestng@48aaecc3]" started-at="2022-02-14T13:34:00 IST" name="methodClass" finished-at="2022-02-14T13:34:00 IST" duration-ms="0" status="PASS">
          <reporter-output>
          </reporter-output>
        </test-method> <!-- methodClass -->
        <test-method signature="test1()[pri:0, instance:TestNGDemo.ExecutionOfTestng@48aaecc3]" started-at="2022-02-14T13:34:00 IST" name="test1" finished-at="2022-02-14T13:34:00 IST" duration-ms="1" status="PASS">
          <reporter-output>
          </reporter-output>
        </test-method> <!-- test1 -->
        <test-method is-config="true" signature="afterMethod()[pri:0, instance:TestNGDemo.ExecutionOfTestng@48aaecc3]" started-at="2022-02-14T13:34:00 IST" name="afterMethod" finished-at="2022-02-14T13:34:00 IST" duration-ms="1" status="PASS">
          <reporter-output>
          </reporter-output>
        </test-method> <!-- afterMethod -->
        <test-method is-config="true" signature="afterClass()[pri:0, instance:TestNGDemo.ExecutionOfTestng@48aaecc3]" started-at="2022-02-14T13:34:00 IST" name="afterClass" finished-at="2022-02-14T13:34:00 IST" duration-ms="1" status="PASS">
          <reporter-output>
          </reporter-output>
        </test-method> <!-- afterClass -->
        <test-method is-config="true" signature="afterTest()[pri:0, instance:TestNGDemo.ExecutionOfTestng@48aaecc3]" started-at="2022-02-14T13:34:00 IST" name="afterTest" finished-at="2022-02-14T13:34:00 IST" duration-ms="0" status="PASS">
          <reporter-output>
          </reporter-output>
        </test-method> <!-- afterTest -->
      </class> <!-- TestNGDemo.ExecutionOfTestng -->
    </test> <!-- Default test -->
  </suite> <!-- Default suite -->
</testng-results>
